<?xml version="1.0" encoding="UTF-8"?>
<testng-results ignored="0" total="3" passed="2" failed="1" skipped="0">
  <reporter-output>
  </reporter-output>
  <suite started-at="2021-01-23T11:12:15 CST" name="Suite" finished-at="2021-01-23T11:12:35 CST" duration-ms="19601">
    <groups>
    </groups>
    <test started-at="2021-01-23T11:12:15 CST" name="TestOn-WIN10_Chrome" finished-at="2021-01-23T11:12:35 CST" duration-ms="19601">
      <class name="testsuites.SmokeTestSuite">
        <test-method is-config="true" signature="Setup(java.lang.String)[pri:0, instance:testsuites.SmokeTestSuite@5f16132a]" started-at="2021-01-23T11:12:15 CST" name="Setup" finished-at="2021-01-23T11:12:29 CST" duration-ms="13457" status="PASS">
          <params>
            <param index="0">
              <value>
                <![CDATA[chrome]]>
              </value>
            </param>
          </params>
          <reporter-output>
          </reporter-output>
        </test-method> <!-- Setup -->
        <test-method signature="VerifyUserAct()[pri:0, instance:testsuites.SmokeTestSuite@5f16132a]" started-at="2021-01-23T11:12:29 CST" name="VerifyUserAct" finished-at="2021-01-23T11:12:29 CST" duration-ms="68" status="FAIL">
          <exception class="org.junit.ComparisonFailure">
            <message>
              <![CDATA[expected:<[preeti.k1125@gmail.com]> but was:<[a]>]]>
            </message>
            <full-stacktrace>
              <![CDATA[org.junit.ComparisonFailure: expected:<[preeti.k1125@gmail.com]> but was:<[a]>
at org.junit.Assert.assertEquals(Assert.java:115)
at org.junit.Assert.assertEquals(Assert.java:144)
at pages.HomePage.VerifyHomepageContent(HomePage.java:46)
at testsuites.SmokeTestSuite.VerifyUserAct(SmokeTestSuite.java:65)
at java.base/jdk.internal.reflect.NativeMethodAccessorImpl.invoke0(Native Method)
at java.base/jdk.internal.reflect.NativeMethodAccessorImpl.invoke(NativeMethodAccessorImpl.java:62)
at java.base/jdk.internal.reflect.DelegatingMethodAccessorImpl.invoke(DelegatingMethodAccessorImpl.java:43)
at java.base/java.lang.reflect.Method.invoke(Method.java:564)
at org.testng.internal.MethodInvocationHelper.invokeMethod(MethodInvocationHelper.java:132)
at org.testng.internal.TestInvoker.invokeMethod(TestInvoker.java:599)
at org.testng.internal.TestInvoker.invokeTestMethod(TestInvoker.java:174)
at org.testng.internal.MethodRunner.runInSequence(MethodRunner.java:46)
at org.testng.internal.TestInvoker$MethodInvocationAgent.invoke(TestInvoker.java:822)
at org.testng.internal.TestInvoker.invokeTestMethods(TestInvoker.java:147)
at org.testng.internal.TestMethodWorker.invokeTestMethods(TestMethodWorker.java:146)
at org.testng.internal.TestMethodWorker.run(TestMethodWorker.java:128)
at java.base/java.util.ArrayList.forEach(ArrayList.java:1511)
at org.testng.TestRunner.privateRun(TestRunner.java:764)
at org.testng.TestRunner.run(TestRunner.java:585)
at org.testng.SuiteRunner.runTest(SuiteRunner.java:384)
at org.testng.SuiteRunner.runSequentially(SuiteRunner.java:378)
at org.testng.SuiteRunner.privateRun(SuiteRunner.java:337)
at org.testng.SuiteRunner.run(SuiteRunner.java:286)
at org.testng.SuiteRunnerWorker.runSuite(SuiteRunnerWorker.java:53)
at org.testng.SuiteRunnerWorker.run(SuiteRunnerWorker.java:96)
at org.testng.TestNG.runSuitesSequentially(TestNG.java:1218)
at org.testng.TestNG.runSuitesLocally(TestNG.java:1140)
at org.testng.TestNG.runSuites(TestNG.java:1069)
at org.testng.TestNG.run(TestNG.java:1037)
at org.testng.remote.AbstractRemoteTestNG.run(AbstractRemoteTestNG.java:115)
at org.testng.remote.RemoteTestNG.initAndRun(RemoteTestNG.java:251)
at org.testng.remote.RemoteTestNG.main(RemoteTestNG.java:77)
]]>
            </full-stacktrace>
          </exception> <!-- org.junit.ComparisonFailure -->
          <reporter-output>
          </reporter-output>
        </test-method> <!-- VerifyUserAct -->
        <test-method signature="VerifyUserLogin()[pri:0, instance:testsuites.SmokeTestSuite@5f16132a]" started-at="2021-01-23T11:12:29 CST" name="VerifyUserLogin" finished-at="2021-01-23T11:12:33 CST" duration-ms="4440" status="PASS">
          <reporter-output>
          </reporter-output>
        </test-method> <!-- VerifyUserLogin -->
        <test-method signature="VerifyUserLogout()[pri:0, instance:testsuites.SmokeTestSuite@5f16132a]" started-at="2021-01-23T11:12:33 CST" name="VerifyUserLogout" finished-at="2021-01-23T11:12:34 CST" duration-ms="690" status="PASS">
          <reporter-output>
          </reporter-output>
        </test-method> <!-- VerifyUserLogout -->
        <test-method is-config="true" signature="quitdriver()[pri:0, instance:testsuites.SmokeTestSuite@5f16132a]" started-at="2021-01-23T11:12:34 CST" name="quitdriver" finished-at="2021-01-23T11:12:35 CST" duration-ms="900" status="PASS">
          <reporter-output>
          </reporter-output>
        </test-method> <!-- quitdriver -->
      </class> <!-- testsuites.SmokeTestSuite -->
    </test> <!-- TestOn-WIN10_Chrome -->
  </suite> <!-- Suite -->
</testng-results>
