<?xml version="1.0" encoding="UTF-8"?>
<testng-results ignored="0" total="1" passed="1" failed="0" skipped="0">
  <reporter-output>
  </reporter-output>
  <suite started-at="2021-02-07T12:35:28 CST" name="Default suite" finished-at="2021-02-07T12:35:28 CST" duration-ms="41">
    <groups>
    </groups>
    <test started-at="2021-02-07T12:35:28 CST" name="Default test" finished-at="2021-02-07T12:35:28 CST" duration-ms="41">
      <class name="testsuites.DBvalidationTestSuite">
        <test-method signature="TestDB()[pri:0, instance:testsuites.DBvalidationTestSuite@65b3f4a4]" started-at="2021-02-07T12:35:28 CST" name="TestDB" finished-at="2021-02-07T12:35:28 CST" duration-ms="8" status="PASS">
          <reporter-output>
          </reporter-output>
        </test-method> <!-- TestDB -->
      </class> <!-- testsuites.DBvalidationTestSuite -->
    </test> <!-- Default test -->
  </suite> <!-- Default suite -->
</testng-results>
