<?xml version="1.0" encoding="UTF-8"?>
<!-- Generated by org.testng.reporters.JUnitXMLReporter -->
<testsuite ignored="0" hostname="LAPTOP-SAM13KMV" failures="1" tests="3" name="TestOn-WIN10_Chrome" time="19.601" errors="0" timestamp="2021-01-23T11:12:35 CST">
  <testcase classname="testsuites.SmokeTestSuite" name="VerifyUserAct" time="0.068">
    <failure type="org.junit.ComparisonFailure" message="expected:&amp;lt;[preeti.k1125@gmail.com]&amp;gt; but was:&amp;lt;[a]&amp;gt;">
      <![CDATA[org.junit.ComparisonFailure: expected:<[preeti.k1125@gmail.com]> but was:<[a]>
at org.junit.Assert.assertEquals(Assert.java:115)
at org.junit.Assert.assertEquals(Assert.java:144)
at pages.HomePage.VerifyHomepageContent(HomePage.java:46)
at testsuites.SmokeTestSuite.VerifyUserAct(SmokeTestSuite.java:65)
at java.base/java.util.ArrayList.forEach(ArrayList.java:1511)
... Removed 27 stack frames]]>
    </failure>
  </testcase> <!-- VerifyUserAct -->
  <testcase classname="testsuites.SmokeTestSuite" name="VerifyUserLogin" time="4.44"/>
  <testcase classname="testsuites.SmokeTestSuite" name="VerifyUserLogout" time="0.69"/>
</testsuite> <!-- TestOn-WIN10_Chrome -->
